<?xml version="1.0" encoding="UTF-8"?>
<!-- Generated by org.testng.reporters.JUnitReportReporter -->
<testsuite skipped="0" hostname="edmar" name="com.thiago.teste.dragAndDropTest" tests="1" failures="0" timestamp="18 abr 2020 18:46:04 GMT" time="11.947" errors="0">
  <testcase name="validateDragAndDrop" time="11.947" classname="com.thiago.teste.dragAndDropTest"/>
</testsuite> <!-- com.thiago.teste.dragAndDropTest -->
