<?xml version="1.0" encoding="UTF-8"?>
<!-- Generated by org.testng.reporters.JUnitReportReporter -->
<testsuite skipped="0" hostname="edmar" name="com.thiago.teste.PageDeleteCustomerTest" tests="1" failures="0" timestamp="25 abr 2020 13:11:26 GMT" time="22.319" errors="0">
  <testcase name="validatePopUp" time="22.319" classname="com.thiago.teste.PageDeleteCustomerTest"/>
</testsuite> <!-- com.thiago.teste.PageDeleteCustomerTest -->
