<?xml version="1.0" encoding="UTF-8"?>
<!-- Generated by org.testng.reporters.JUnitReportReporter -->
<testsuite skipped="0" hostname="edmar" name="com.thiago.teste.GoogleSearchTest" tests="2" failures="0" timestamp="18 abr 2020 13:55:52 GMT" time="13.921" errors="0">
  <testcase name="google1" time="4.918" classname="com.thiago.teste.GoogleSearchTest"/>
  <testcase name="google0" time="9.003" classname="com.thiago.teste.GoogleSearchTest"/>
</testsuite> <!-- com.thiago.teste.GoogleSearchTest -->
