<?xml version="1.0" encoding="UTF-8"?>
<!-- Generated by org.testng.reporters.JUnitReportReporter -->
<testsuite skipped="0" hostname="edmar" name="com.thiago.teste.GuruLoginTest" tests="1" failures="0" timestamp="18 abr 2020 14:28:59 GMT" time="10.090" errors="0">
  <testcase name="google1" time="10.090" classname="com.thiago.teste.GuruLoginTest"/>
</testsuite> <!-- com.thiago.teste.GuruLoginTest -->
